<?xml version="1.0" encoding="UTF-8"?>
<testng-results skipped="0" failed="0" ignored="0" total="1" passed="1">
  <reporter-output>
  </reporter-output>
  <suite name="Default suite" duration-ms="15001" started-at="2020-09-09T23:23:00 IST" finished-at="2020-09-09T23:23:15 IST">
    <groups>
    </groups>
    <test name="Default test" duration-ms="15001" started-at="2020-09-09T23:23:00 IST" finished-at="2020-09-09T23:23:15 IST">
      <class name="Base.selectDateMethod">
        <test-method status="PASS" signature="test()[pri:0, instance:Base.selectDateMethod@48503868]" name="test" duration-ms="14904" started-at="2020-09-09T23:23:01 IST" finished-at="2020-09-09T23:23:15 IST">
          <reporter-output>
          </reporter-output>
        </test-method> <!-- test -->
      </class> <!-- Base.selectDateMethod -->
    </test> <!-- Default test -->
  </suite> <!-- Default suite -->
</testng-results>
