<?xml version="1.0" encoding="UTF-8"?>
<testng-results skipped="0" failed="0" ignored="0" total="1" passed="1">
  <reporter-output>
  </reporter-output>
  <suite name="Default suite" duration-ms="11002" started-at="2020-09-03T19:19:26 IST" finished-at="2020-09-03T19:19:37 IST">
    <groups>
    </groups>
    <test name="Default test" duration-ms="11002" started-at="2020-09-03T19:19:26 IST" finished-at="2020-09-03T19:19:37 IST">
      <class name="CnnHeaders">
        <test-method status="PASS" signature="cnn()[pri:0, instance:CnnHeaders@56aac163]" name="cnn" duration-ms="10892" started-at="2020-09-03T19:19:26 IST" finished-at="2020-09-03T19:19:37 IST">
          <reporter-output>
          </reporter-output>
        </test-method> <!-- cnn -->
      </class> <!-- CnnHeaders -->
    </test> <!-- Default test -->
  </suite> <!-- Default suite -->
</testng-results>
